c:\users\marco\desktop\magc_clase\clase\clase\debug\vc140.pdb
c:\users\marco\desktop\magc_clase\clase\clase\debug\vc140.idb
c:\users\marco\desktop\magc_clase\clase\clase\debug\main.obj
c:\users\marco\desktop\magc_clase\clase\clase\debug\texture.obj
c:\users\marco\desktop\magc_clase\clase\clase\debug\camera.obj
c:\users\marco\desktop\magc_clase\clase\clase\debug\figuras.obj
c:\users\marco\desktop\magc_clase\clase\debug\clase.pdb
c:\users\marco\desktop\magc_clase\clase\clase\debug\clase.tlog\cl.command.1.tlog
c:\users\marco\desktop\magc_clase\clase\clase\debug\clase.tlog\cl.read.1.tlog
c:\users\marco\desktop\magc_clase\clase\clase\debug\clase.tlog\cl.write.1.tlog
c:\users\marco\desktop\magc_clase\clase\clase\debug\clase.tlog\link-cvtres.read.1.tlog
c:\users\marco\desktop\magc_clase\clase\clase\debug\clase.tlog\link-cvtres.write.1.tlog
c:\users\marco\desktop\magc_clase\clase\clase\debug\clase.tlog\link-rc.read.1.tlog
c:\users\marco\desktop\magc_clase\clase\clase\debug\clase.tlog\link-rc.write.1.tlog
c:\users\marco\desktop\magc_clase\clase\clase\debug\clase.tlog\link.5572-cvtres.read.1.tlog
c:\users\marco\desktop\magc_clase\clase\clase\debug\clase.tlog\link.5572-cvtres.write.1.tlog
c:\users\marco\desktop\magc_clase\clase\clase\debug\clase.tlog\link.5572-rc.read.1.tlog
c:\users\marco\desktop\magc_clase\clase\clase\debug\clase.tlog\link.5572-rc.write.1.tlog
c:\users\marco\desktop\magc_clase\clase\clase\debug\clase.tlog\link.5572.read.1.tlog
c:\users\marco\desktop\magc_clase\clase\clase\debug\clase.tlog\link.5572.write.1.tlog
c:\users\marco\desktop\magc_clase\clase\clase\debug\clase.tlog\link.command.1.tlog
c:\users\marco\desktop\magc_clase\clase\clase\debug\clase.tlog\link.read.1.tlog
c:\users\marco\desktop\magc_clase\clase\clase\debug\clase.tlog\link.write.1.tlog
